<?xml version="1.0" encoding="UTF-8"?>
<testsuite xmlns:xsi="http://www.w3.org/2001/XMLSchema-instance" xsi:noNamespaceSchemaLocation="https://maven.apache.org/surefire/maven-surefire-plugin/xsd/surefire-test-report-3.0.xsd" version="3.0" name="Adapter.AdapterNotificadorSMSTest" time="0.073" tests="1" errors="0" skipped="0" failures="0">
  <properties>
[...]
</properties>
  <testcase name="CP_18_notificar_usuarioValido_enviaSMS_sinError" classname="Adapter.AdapterNotificadorSMSTest" time="0.031">
    <system-out><![CDATA[Enviando SMS al Usuario: Juan
]]></system-out>
  </testcase>
</testsuite>